<?xml version="1.0" encoding="UTF-8"?>
<testsuite xmlns:xsi="http://www.w3.org/2001/XMLSchema-instance" xsi:noNamespaceSchemaLocation="https://maven.apache.org/surefire/maven-surefire-plugin/xsd/surefire-test-report.xsd" name="com.visualpathit.account.modelTest.RoleTest" time="0.001" tests="1" errors="0" skipped="0" failures="0">
  <properties>
    <property name="sun.desktop" value="windows"/>
    <property name="awt.toolkit" value="sun.awt.windows.WToolkit"/>
    <property name="java.specification.version" value="11"/>
    <property name="sun.cpu.isalist" value="amd64"/>
    <property name="sun.jnu.encoding" value="Cp1252"/>
    <property name="java.class.path" value="C:\Users\ashish.kumar\Downloads\cicd_assignment_source_code\target\test-classes;C:\Users\ashish.kumar\Downloads\cicd_assignment_source_code\target\classes;C:\Users\ashish.kumar\.m2\repository\org\springframework\spring-web\4.2.0.RELEASE\spring-web-4.2.0.RELEASE.jar;C:\Users\ashish.kumar\.m2\repository\org\springframework\spring-aop\4.2.0.RELEASE\spring-aop-4.2.0.RELEASE.jar;C:\Users\ashish.kumar\.m2\repository\org\springframework\spring-beans\4.2.0.RELEASE\spring-beans-4.2.0.RELEASE.jar;C:\Users\ashish.kumar\.m2\repository\org\springframework\spring-context\4.2.0.RELEASE\spring-context-4.2.0.RELEASE.jar;C:\Users\ashish.kumar\.m2\repository\org\springframework\spring-core\4.2.0.RELEASE\spring-core-4.2.0.RELEASE.jar;C:\Users\ashish.kumar\.m2\repository\commons-logging\commons-logging\1.2\commons-logging-1.2.jar;C:\Users\ashish.kumar\.m2\repository\org\springframework\spring-webmvc\4.2.0.RELEASE\spring-webmvc-4.2.0.RELEASE.jar;C:\Users\ashish.kumar\.m2\repository\org\springframework\spring-expression\4.2.0.RELEASE\spring-expression-4.2.0.RELEASE.jar;C:\Users\ashish.kumar\.m2\repository\org\springframework\security\spring-security-web\4.0.2.RELEASE\spring-security-web-4.0.2.RELEASE.jar;C:\Users\ashish.kumar\.m2\repository\aopalliance\aopalliance\1.0\aopalliance-1.0.jar;C:\Users\ashish.kumar\.m2\repository\org\springframework\security\spring-security-core\4.0.2.RELEASE\spring-security-core-4.0.2.RELEASE.jar;C:\Users\ashish.kumar\.m2\repository\org\springframework\security\spring-security-config\4.0.2.RELEASE\spring-security-config-4.0.2.RELEASE.jar;C:\Users\ashish.kumar\.m2\repository\org\hibernate\hibernate-validator\5.2.1.Final\hibernate-validator-5.2.1.Final.jar;C:\Users\ashish.kumar\.m2\repository\javax\validation\validation-api\1.1.0.Final\validation-api-1.1.0.Final.jar;C:\Users\ashish.kumar\.m2\repository\org\jboss\logging\jboss-logging\3.2.1.Final\jboss-logging-3.2.1.Final.jar;C:\Users\ashish.kumar\.m2\repository\com\fasterxml\classmate\1.1.0\classmate-1.1.0.jar;C:\Users\ashish.kumar\.m2\repository\org\springframework\data\spring-data-jpa\1.8.2.RELEASE\spring-data-jpa-1.8.2.RELEASE.jar;C:\Users\ashish.kumar\.m2\repository\org\springframework\data\spring-data-commons\1.10.2.RELEASE\spring-data-commons-1.10.2.RELEASE.jar;C:\Users\ashish.kumar\.m2\repository\org\springframework\spring-orm\4.0.9.RELEASE\spring-orm-4.0.9.RELEASE.jar;C:\Users\ashish.kumar\.m2\repository\org\springframework\spring-jdbc\4.0.9.RELEASE\spring-jdbc-4.0.9.RELEASE.jar;C:\Users\ashish.kumar\.m2\repository\org\springframework\spring-tx\4.0.9.RELEASE\spring-tx-4.0.9.RELEASE.jar;C:\Users\ashish.kumar\.m2\repository\org\aspectj\aspectjrt\1.8.6\aspectjrt-1.8.6.jar;C:\Users\ashish.kumar\.m2\repository\org\slf4j\slf4j-api\1.7.12\slf4j-api-1.7.12.jar;C:\Users\ashish.kumar\.m2\repository\org\slf4j\jcl-over-slf4j\1.7.12\jcl-over-slf4j-1.7.12.jar;C:\Users\ashish.kumar\.m2\repository\org\hibernate\hibernate-entitymanager\4.3.11.Final\hibernate-entitymanager-4.3.11.Final.jar;C:\Users\ashish.kumar\.m2\repository\org\jboss\logging\jboss-logging-annotations\1.2.0.Beta1\jboss-logging-annotations-1.2.0.Beta1.jar;C:\Users\ashish.kumar\.m2\repository\org\hibernate\hibernate-core\4.3.11.Final\hibernate-core-4.3.11.Final.jar;C:\Users\ashish.kumar\.m2\repository\antlr\antlr\2.7.7\antlr-2.7.7.jar;C:\Users\ashish.kumar\.m2\repository\org\jboss\jandex\1.1.0.Final\jandex-1.1.0.Final.jar;C:\Users\ashish.kumar\.m2\repository\dom4j\dom4j\1.6.1\dom4j-1.6.1.jar;C:\Users\ashish.kumar\.m2\repository\xml-apis\xml-apis\1.0.b2\xml-apis-1.0.b2.jar;C:\Users\ashish.kumar\.m2\repository\org\hibernate\common\hibernate-commons-annotations\4.0.5.Final\hibernate-commons-annotations-4.0.5.Final.jar;C:\Users\ashish.kumar\.m2\repository\org\hibernate\javax\persistence\hibernate-jpa-2.1-api\1.0.0.Final\hibernate-jpa-2.1-api-1.0.0.Final.jar;C:\Users\ashish.kumar\.m2\repository\org\jboss\spec\javax\transaction\jboss-transaction-api_1.2_spec\1.0.0.Final\jboss-transaction-api_1.2_spec-1.0.0.Final.jar;C:\Users\ashish.kumar\.m2\repository\org\javassist\javassist\3.18.1-GA\javassist-3.18.1-GA.jar;C:\Users\ashish.kumar\.m2\repository\mysql\mysql-connector-java\5.1.36\mysql-connector-java-5.1.36.jar;C:\Users\ashish.kumar\.m2\repository\commons-dbcp\commons-dbcp\1.4\commons-dbcp-1.4.jar;C:\Users\ashish.kumar\.m2\repository\commons-pool\commons-pool\1.5.4\commons-pool-1.5.4.jar;C:\Users\ashish.kumar\.m2\repository\javax\servlet\jstl\1.2\jstl-1.2.jar;C:\Users\ashish.kumar\.m2\repository\junit\junit\4.10\junit-4.10.jar;C:\Users\ashish.kumar\.m2\repository\org\hamcrest\hamcrest-core\1.1\hamcrest-core-1.1.jar;C:\Users\ashish.kumar\.m2\repository\org\mockito\mockito-core\1.9.5\mockito-core-1.9.5.jar;C:\Users\ashish.kumar\.m2\repository\org\objenesis\objenesis\1.0\objenesis-1.0.jar;C:\Users\ashish.kumar\.m2\repository\org\springframework\spring-test\3.2.3.RELEASE\spring-test-3.2.3.RELEASE.jar;C:\Users\ashish.kumar\.m2\repository\javax\servlet\javax.servlet-api\3.1.0\javax.servlet-api-3.1.0.jar;C:\Users\ashish.kumar\.m2\repository\ch\qos\logback\logback-classic\1.1.3\logback-classic-1.1.3.jar;C:\Users\ashish.kumar\.m2\repository\ch\qos\logback\logback-core\1.1.3\logback-core-1.1.3.jar;C:\Users\ashish.kumar\.m2\repository\org\hamcrest\hamcrest-all\1.3\hamcrest-all-1.3.jar;"/>
    <property name="java.vm.vendor" value="Microsoft"/>
    <property name="sun.arch.data.model" value="64"/>
    <property name="user.variant" value=""/>
    <property name="java.vendor.url" value="https://www.microsoft.com"/>
    <property name="user.timezone" value="Asia/Calcutta"/>
    <property name="java.vm.specification.version" value="11"/>
    <property name="os.name" value="Windows 10"/>
    <property name="sun.java.launcher" value="SUN_STANDARD"/>
    <property name="user.country" value="IN"/>
    <property name="sun.boot.library.path" value="C:\Program Files\Microsoft\jdk-11.0.17.8-hotspot\bin"/>
    <property name="sun.java.command" value="C:\Users\ASHISH~1.KUM\AppData\Local\Temp\surefire10733057146930281857\surefirebooter18256691238327795260.jar C:\Users\ashish.kumar\AppData\Local\Temp\surefire10733057146930281857 2023-02-03T11-01-39_154-jvmRun1 surefire1022818577283552885tmp surefire_010780856088817006814tmp"/>
    <property name="jdk.debug" value="release"/>
    <property name="surefire.test.class.path" value="C:\Users\ashish.kumar\Downloads\cicd_assignment_source_code\target\test-classes;C:\Users\ashish.kumar\Downloads\cicd_assignment_source_code\target\classes;C:\Users\ashish.kumar\.m2\repository\org\springframework\spring-web\4.2.0.RELEASE\spring-web-4.2.0.RELEASE.jar;C:\Users\ashish.kumar\.m2\repository\org\springframework\spring-aop\4.2.0.RELEASE\spring-aop-4.2.0.RELEASE.jar;C:\Users\ashish.kumar\.m2\repository\org\springframework\spring-beans\4.2.0.RELEASE\spring-beans-4.2.0.RELEASE.jar;C:\Users\ashish.kumar\.m2\repository\org\springframework\spring-context\4.2.0.RELEASE\spring-context-4.2.0.RELEASE.jar;C:\Users\ashish.kumar\.m2\repository\org\springframework\spring-core\4.2.0.RELEASE\spring-core-4.2.0.RELEASE.jar;C:\Users\ashish.kumar\.m2\repository\commons-logging\commons-logging\1.2\commons-logging-1.2.jar;C:\Users\ashish.kumar\.m2\repository\org\springframework\spring-webmvc\4.2.0.RELEASE\spring-webmvc-4.2.0.RELEASE.jar;C:\Users\ashish.kumar\.m2\repository\org\springframework\spring-expression\4.2.0.RELEASE\spring-expression-4.2.0.RELEASE.jar;C:\Users\ashish.kumar\.m2\repository\org\springframework\security\spring-security-web\4.0.2.RELEASE\spring-security-web-4.0.2.RELEASE.jar;C:\Users\ashish.kumar\.m2\repository\aopalliance\aopalliance\1.0\aopalliance-1.0.jar;C:\Users\ashish.kumar\.m2\repository\org\springframework\security\spring-security-core\4.0.2.RELEASE\spring-security-core-4.0.2.RELEASE.jar;C:\Users\ashish.kumar\.m2\repository\org\springframework\security\spring-security-config\4.0.2.RELEASE\spring-security-config-4.0.2.RELEASE.jar;C:\Users\ashish.kumar\.m2\repository\org\hibernate\hibernate-validator\5.2.1.Final\hibernate-validator-5.2.1.Final.jar;C:\Users\ashish.kumar\.m2\repository\javax\validation\validation-api\1.1.0.Final\validation-api-1.1.0.Final.jar;C:\Users\ashish.kumar\.m2\repository\org\jboss\logging\jboss-logging\3.2.1.Final\jboss-logging-3.2.1.Final.jar;C:\Users\ashish.kumar\.m2\repository\com\fasterxml\classmate\1.1.0\classmate-1.1.0.jar;C:\Users\ashish.kumar\.m2\repository\org\springframework\data\spring-data-jpa\1.8.2.RELEASE\spring-data-jpa-1.8.2.RELEASE.jar;C:\Users\ashish.kumar\.m2\repository\org\springframework\data\spring-data-commons\1.10.2.RELEASE\spring-data-commons-1.10.2.RELEASE.jar;C:\Users\ashish.kumar\.m2\repository\org\springframework\spring-orm\4.0.9.RELEASE\spring-orm-4.0.9.RELEASE.jar;C:\Users\ashish.kumar\.m2\repository\org\springframework\spring-jdbc\4.0.9.RELEASE\spring-jdbc-4.0.9.RELEASE.jar;C:\Users\ashish.kumar\.m2\repository\org\springframework\spring-tx\4.0.9.RELEASE\spring-tx-4.0.9.RELEASE.jar;C:\Users\ashish.kumar\.m2\repository\org\aspectj\aspectjrt\1.8.6\aspectjrt-1.8.6.jar;C:\Users\ashish.kumar\.m2\repository\org\slf4j\slf4j-api\1.7.12\slf4j-api-1.7.12.jar;C:\Users\ashish.kumar\.m2\repository\org\slf4j\jcl-over-slf4j\1.7.12\jcl-over-slf4j-1.7.12.jar;C:\Users\ashish.kumar\.m2\repository\org\hibernate\hibernate-entitymanager\4.3.11.Final\hibernate-entitymanager-4.3.11.Final.jar;C:\Users\ashish.kumar\.m2\repository\org\jboss\logging\jboss-logging-annotations\1.2.0.Beta1\jboss-logging-annotations-1.2.0.Beta1.jar;C:\Users\ashish.kumar\.m2\repository\org\hibernate\hibernate-core\4.3.11.Final\hibernate-core-4.3.11.Final.jar;C:\Users\ashish.kumar\.m2\repository\antlr\antlr\2.7.7\antlr-2.7.7.jar;C:\Users\ashish.kumar\.m2\repository\org\jboss\jandex\1.1.0.Final\jandex-1.1.0.Final.jar;C:\Users\ashish.kumar\.m2\repository\dom4j\dom4j\1.6.1\dom4j-1.6.1.jar;C:\Users\ashish.kumar\.m2\repository\xml-apis\xml-apis\1.0.b2\xml-apis-1.0.b2.jar;C:\Users\ashish.kumar\.m2\repository\org\hibernate\common\hibernate-commons-annotations\4.0.5.Final\hibernate-commons-annotations-4.0.5.Final.jar;C:\Users\ashish.kumar\.m2\repository\org\hibernate\javax\persistence\hibernate-jpa-2.1-api\1.0.0.Final\hibernate-jpa-2.1-api-1.0.0.Final.jar;C:\Users\ashish.kumar\.m2\repository\org\jboss\spec\javax\transaction\jboss-transaction-api_1.2_spec\1.0.0.Final\jboss-transaction-api_1.2_spec-1.0.0.Final.jar;C:\Users\ashish.kumar\.m2\repository\org\javassist\javassist\3.18.1-GA\javassist-3.18.1-GA.jar;C:\Users\ashish.kumar\.m2\repository\mysql\mysql-connector-java\5.1.36\mysql-connector-java-5.1.36.jar;C:\Users\ashish.kumar\.m2\repository\commons-dbcp\commons-dbcp\1.4\commons-dbcp-1.4.jar;C:\Users\ashish.kumar\.m2\repository\commons-pool\commons-pool\1.5.4\commons-pool-1.5.4.jar;C:\Users\ashish.kumar\.m2\repository\javax\servlet\jstl\1.2\jstl-1.2.jar;C:\Users\ashish.kumar\.m2\repository\junit\junit\4.10\junit-4.10.jar;C:\Users\ashish.kumar\.m2\repository\org\hamcrest\hamcrest-core\1.1\hamcrest-core-1.1.jar;C:\Users\ashish.kumar\.m2\repository\org\mockito\mockito-core\1.9.5\mockito-core-1.9.5.jar;C:\Users\ashish.kumar\.m2\repository\org\objenesis\objenesis\1.0\objenesis-1.0.jar;C:\Users\ashish.kumar\.m2\repository\org\springframework\spring-test\3.2.3.RELEASE\spring-test-3.2.3.RELEASE.jar;C:\Users\ashish.kumar\.m2\repository\javax\servlet\javax.servlet-api\3.1.0\javax.servlet-api-3.1.0.jar;C:\Users\ashish.kumar\.m2\repository\ch\qos\logback\logback-classic\1.1.3\logback-classic-1.1.3.jar;C:\Users\ashish.kumar\.m2\repository\ch\qos\logback\logback-core\1.1.3\logback-core-1.1.3.jar;C:\Users\ashish.kumar\.m2\repository\org\hamcrest\hamcrest-all\1.3\hamcrest-all-1.3.jar;"/>
    <property name="sun.cpu.endian" value="little"/>
    <property name="user.home" value="C:\Users\ashish.kumar"/>
    <property name="user.language" value="en"/>
    <property name="java.specification.vendor" value="Oracle Corporation"/>
    <property name="java.version.date" value="2022-10-18"/>
    <property name="java.home" value="C:\Program Files\Microsoft\jdk-11.0.17.8-hotspot"/>
    <property name="file.separator" value="\"/>
    <property name="basedir" value="C:\Users\ashish.kumar\Downloads\cicd_assignment_source_code"/>
    <property name="java.vm.compressedOopsMode" value="32-bit"/>
    <property name="line.separator" value="&#10;"/>
    <property name="java.specification.name" value="Java Platform API Specification"/>
    <property name="java.vm.specification.vendor" value="Oracle Corporation"/>
    <property name="java.awt.graphicsenv" value="sun.awt.Win32GraphicsEnvironment"/>
    <property name="surefire.real.class.path" value="C:\Users\ASHISH~1.KUM\AppData\Local\Temp\surefire10733057146930281857\surefirebooter18256691238327795260.jar"/>
    <property name="user.script" value=""/>
    <property name="sun.management.compiler" value="HotSpot 64-Bit Tiered Compilers"/>
    <property name="java.runtime.version" value="11.0.17+8-LTS"/>
    <property name="user.name" value="ashish.kumar"/>
    <property name="path.separator" value=";"/>
    <property name="os.version" value="10.0"/>
    <property name="java.runtime.name" value="OpenJDK Runtime Environment"/>
    <property name="file.encoding" value="Cp1252"/>
    <property name="java.vm.name" value="OpenJDK 64-Bit Server VM"/>
    <property name="java.vendor.version" value="Microsoft-6841889"/>
    <property name="localRepository" value="C:\Users\ashish.kumar\.m2\repository"/>
    <property name="java.vendor.url.bug" value="https://github.com/microsoft/openjdk/issues"/>
    <property name="java.io.tmpdir" value="C:\Users\ASHISH~1.KUM\AppData\Local\Temp\"/>
    <property name="java.version" value="11.0.17"/>
    <property name="user.dir" value="C:\Users\ashish.kumar\Downloads\cicd_assignment_source_code"/>
    <property name="os.arch" value="amd64"/>
    <property name="java.vm.specification.name" value="Java Virtual Machine Specification"/>
    <property name="java.awt.printerjob" value="sun.awt.windows.WPrinterJob"/>
    <property name="sun.os.patch.level" value=""/>
    <property name="java.library.path" value="C:\Program Files\Microsoft\jdk-11.0.17.8-hotspot\bin;C:\windows\Sun\Java\bin;C:\windows\system32;C:\windows;C:\Program Files\Microsoft\jdk-11.0.17.8-hotspot\bin;C:\Python310\Scripts\;C:\Python310\;C:\Program Files\Eclipse Adoptium\jdk-11.0.14.101-hotspot\bin;C:\windows\system32;C:\windows;C:\windows\System32\Wbem;C:\windows\System32\WindowsPowerShell\v1.0\;C:\windows\System32\OpenSSH\;C:\Program Files\Microsoft VS Code\bin;C:\ProgramData\chocolatey\bin;C:\Program Files\Git\cmd;C:\Program Files\sonar-scanner\bin;C:\Program Files (x86)\Google\Cloud SDK\google-cloud-sdk\bin;C:\Program Files\Terraform;C:\Program Files\pgAdmin 4\v6\runtime;C:\Program Files\apache-jmeter\bin;C:\Program Files\GitHub CLI\;C:\Program Files\apache-maven\bin;C:\Users\ashish.kumar\AppData\Roaming\nvm;C:\Program Files\nodejs;C:\Program Files\OpenJDK\openjdk-11.0.15_10\bin;C:\Program Files\mysql\bin;C:\Program Files\Amazon\AWSCLIV2\;C:\Program Files (x86)\InvGate\Insight Agent;C:\Program Files\apache-jmeter-5.5\bin;C:\Program Files\dotnet\;C:\Program Files\Go\bin;C:\custom_exec;C:\custom_exec\istio\bin;C:\Program Files\Rancher Desktop\resources\resources\win32\bin\;C:\Program Files\Rancher Desktop\resources\resources\linux\bin\;C:\Users\ashish.kumar\.rover\bin;C:\Users\ashish.kumar\AppData\Local\Microsoft\WindowsApps;\\wsl$\Ubuntu20.04LTS\usr\bin;C:\Program Files\JetBrains\IntelliJ IDEA Community Edition 2021.3.3\bin;C:\Users\ashish.kumar\AppData\Local\GitHubDesktop\bin;C:\Users\ashish.kumar\go\bin;C:\Users\ashish.kumar\AppData\Roaming\npm;C:\Users\ashish.kumar\AppData\Roaming\nvm;C:\Program Files\nodejs;C:\Program Files\mongodb\bin;C:\Users\ashish.kumar\go\bin;C:\Users\ashish.kumar\go\bin;."/>
    <property name="java.vm.info" value="mixed mode"/>
    <property name="java.vendor" value="Microsoft"/>
    <property name="java.vm.version" value="11.0.17+8-LTS"/>
    <property name="sun.io.unicode.encoding" value="UnicodeLittle"/>
    <property name="java.class.version" value="55.0"/>
  </properties>
  <testcase name="testUserDetailsHappyFlow" classname="com.visualpathit.account.modelTest.RoleTest" time="0"/>
</testsuite>